06-26 15:36:04 com_github_MitjaNemec_ReplicateLayout.action_replicate_layout 295:Plugin executed on: 'win32'
06-26 15:36:04 com_github_MitjaNemec_ReplicateLayout.action_replicate_layout 296:Plugin executed with python version: '3.9.10 (main, Feb 11 2022, 04:18:11) [MSC v.1928 64 bit (AMD64)]'
06-26 15:36:04 com_github_MitjaNemec_ReplicateLayout.action_replicate_layout 297:KiCad build version: (6.0.4)
06-26 15:36:04 com_github_MitjaNemec_ReplicateLayout.action_replicate_layout 298:Plugin version: 1.1.2
06-26 15:36:04 com_github_MitjaNemec_ReplicateLayout.action_replicate_layout 299:Frame repr: <wx._core.Frame object at 0x0000019815102670>
06-26 15:36:04 com_github_MitjaNemec_ReplicateLayout.action_replicate_layout 323:Preparing replicator with K3 as a reference
06-26 15:36:04 com_github_MitjaNemec_ReplicateLayout.replicate_layout 98:getting a list of all footprints on board
06-26 15:36:04 com_github_MitjaNemec_ReplicateLayout.action_replicate_layout 351:source anchor footprint is 'K3'
Located on: ['Relay 3']
With filenames: ['relay.kicad_sch']
With sheet_id:['Relay 3']
06-26 15:36:04 com_github_MitjaNemec_ReplicateLayout.action_replicate_layout 358:Corresponding footprints are 
[('K3', ['Relay 3']), ('K2', ['Relay 2']), ('K1', ['Relay 1'])]
06-26 15:36:04 com_github_MitjaNemec_ReplicateLayout.action_replicate_layout 370:Showing dialog
06-26 15:36:04 com_github_MitjaNemec_ReplicateLayout.action_replicate_layout 376:Toolbar position: wx.Point(-37, 80)
06-26 15:36:04 com_github_MitjaNemec_ReplicateLayout.action_replicate_layout 382:Dialog position: wx.Point(-401, 80)
06-26 15:36:06 com_github_MitjaNemec_ReplicateLayout.replicate_layout 335:constructing a list of sheets suitable for replication on level:'Relay 3', file:'relay.kicad_sch'
06-26 15:36:06 com_github_MitjaNemec_ReplicateLayout.replicate_layout 372:suitable sheets are:[['Relay 1'], ['Relay 2']]
06-26 15:36:12 com_github_MitjaNemec_ReplicateLayout.replicate_layout 335:constructing a list of sheets suitable for replication on level:'Relay 3', file:'relay.kicad_sch'
06-26 15:36:12 com_github_MitjaNemec_ReplicateLayout.replicate_layout 372:suitable sheets are:[['Relay 1'], ['Relay 2']]
06-26 15:36:12 com_github_MitjaNemec_ReplicateLayout.action_replicate_layout 145:Replicating layout
06-26 15:36:12 com_github_MitjaNemec_ReplicateLayout.replicate_layout 146:Starting replication of sheets: [['Relay 1']]
on level: ['Relay 3']
with tracks=True, zone=True, text=True, containing=True, remove=False, locked=False, by_group=False
06-26 15:36:12 root 235:updating GUI message: 'Preparing for replication'
06-26 15:36:12 root 240:updating GUI with: 0
06-26 15:36:12 com_github_MitjaNemec_ReplicateLayout.replicate_layout 215:Getting the list of source footprints
06-26 15:36:12 com_github_MitjaNemec_ReplicateLayout.replicate_layout 230:Getting the list of all the remaining footprints
06-26 15:36:12 com_github_MitjaNemec_ReplicateLayout.replicate_layout 235:Getting nets local to source footprints
06-26 15:36:12 com_github_MitjaNemec_ReplicateLayout.replicate_layout 238:Getting source bounding box
06-26 15:36:12 com_github_MitjaNemec_ReplicateLayout.replicate_layout 242:Getting source tracks
06-26 15:36:12 com_github_MitjaNemec_ReplicateLayout.replicate_layout 257:Getting source zones
06-26 15:36:12 com_github_MitjaNemec_ReplicateLayout.replicate_layout 266:Getting source text items
06-26 15:36:12 com_github_MitjaNemec_ReplicateLayout.replicate_layout 275:Getting source drawing items
06-26 15:36:12 root 235:updating GUI message: 'Replicating footprints'
06-26 15:36:12 com_github_MitjaNemec_ReplicateLayout.replicate_layout 669:Replicating footprints
06-26 15:36:12 com_github_MitjaNemec_ReplicateLayout.replicate_layout 675:Replicating footprints on sheet ['Relay 1']
06-26 15:36:12 root 235:updating GUI message: 'Replicating tracks'
06-26 15:36:12 com_github_MitjaNemec_ReplicateLayout.replicate_layout 835:Replicating tracks
06-26 15:36:12 com_github_MitjaNemec_ReplicateLayout.replicate_layout 841:Replicating tracks on sheet ['Relay 1']
06-26 15:36:12 root 235:updating GUI message: 'Replicating zones'
06-26 15:36:12 com_github_MitjaNemec_ReplicateLayout.replicate_layout 893:Replicating zones
06-26 15:36:12 com_github_MitjaNemec_ReplicateLayout.replicate_layout 900:Replicating zones on sheet ['Relay 1']
06-26 15:36:12 root 235:updating GUI message: 'Replicating text'
06-26 15:36:12 com_github_MitjaNemec_ReplicateLayout.replicate_layout 963:Replicating text
06-26 15:36:12 com_github_MitjaNemec_ReplicateLayout.replicate_layout 970:Replicating text on sheet ['Relay 1']
06-26 15:36:12 root 235:updating GUI message: 'Replicating drawings'
06-26 15:36:12 com_github_MitjaNemec_ReplicateLayout.replicate_layout 1003:Replicating drawings
06-26 15:36:12 com_github_MitjaNemec_ReplicateLayout.replicate_layout 1009:Replicating drawings on sheet ['Relay 1']
06-26 15:36:12 com_github_MitjaNemec_ReplicateLayout.action_replicate_layout 169:Replication complete
